<?xml version="1.0" encoding="UTF-8"?>
<!-- Generated by org.testng.reporters.JUnitXMLReporter -->
<testsuite ignored="0" hostname="DESKTOP-H0PI4DT" failures="0" tests="5" name="Default test" time="11.144" errors="0" timestamp="2022-11-16T16:00:22 IST">
  <testcase classname="appiumMobileAutomation.DemoAppTestOnRealDevices_DriverMethods" name="verifyBatteryInfo" time="0.179"/>
  <testcase classname="appiumMobileAutomation.DemoAppTestOnRealDevices_DriverMethods" name="verifyOrientation" time="0.53"/>
  <testcase classname="appiumMobileAutomation.DemoAppTestOnRealDevices_DriverMethods" name="verifyContext" time="0.009"/>
  <testcase classname="appiumMobileAutomation.DemoAppTestOnRealDevices_DriverMethods" name="verifyDeviceTime" time="0.133"/>
  <testcase classname="appiumMobileAutomation.DemoAppTestOnRealDevices_DriverMethods" name="verifyLatLong" time="0.428"/>
</testsuite> <!-- Default test -->
