<?xml version="1.0" encoding="UTF-8"?>
<!-- Generated by org.testng.reporters.JUnitXMLReporter -->
<testsuite ignored="0" hostname="DESKTOP-H0PI4DT" failures="0" tests="3" name="Test" time="18.115" errors="0" timestamp="2022-10-31T16:11:43 IST">
  <testcase classname="tests.LoginTest" name="TC_01_verifyLoginFeatureWithValid" time="5.214"/>
  <testcase classname="tests.LoginTest" name="verifyAppLicationTitle" time="0.059"/>
  <testcase classname="tests.LoginTest" name="verifyLogout" time="1.557"/>
</testsuite> <!-- Test -->
