<?xml version="1.0" encoding="UTF-8"?>
<testng-results ignored="0" total="1" passed="1" failed="0" skipped="0">
  <reporter-output>
  </reporter-output>
  <suite started-at="2022-11-16T15:16:53 IST" name="Suite" finished-at="2022-11-16T15:17:20 IST" duration-ms="26964">
    <groups>
    </groups>
    <test started-at="2022-11-16T15:16:53 IST" name="Test" finished-at="2022-11-16T15:17:20 IST" duration-ms="26964">
      <class name="appiumMobileAutomation.TC_01_VirtualDevice_CalcualtorApp_Native_Indentification">
        <test-method is-config="true" signature="setup()[pri:0, instance:appiumMobileAutomation.TC_01_VirtualDevice_CalcualtorApp_Native_Indentification@5677323c]" started-at="2022-11-16T15:16:53 IST" name="setup" finished-at="2022-11-16T15:17:12 IST" duration-ms="19069" status="PASS">
          <reporter-output>
          </reporter-output>
        </test-method> <!-- setup -->
        <test-method signature="verifyAppFeature()[pri:0, instance:appiumMobileAutomation.TC_01_VirtualDevice_CalcualtorApp_Native_Indentification@5677323c]" started-at="2022-11-16T15:17:12 IST" name="verifyAppFeature" finished-at="2022-11-16T15:17:20 IST" duration-ms="7766" status="PASS">
          <reporter-output>
          </reporter-output>
        </test-method> <!-- verifyAppFeature -->
      </class> <!-- appiumMobileAutomation.TC_01_VirtualDevice_CalcualtorApp_Native_Indentification -->
    </test> <!-- Test -->
  </suite> <!-- Suite -->
</testng-results>
